<?xml version="1.0" encoding="UTF-8"?>
<!-- Generated by org.testng.reporters.JUnitReportReporter -->
<testsuite hostname="APL-5CD119BHZC" failures="0" tests="1" name="Test_Cases_login_pages.TestCase_hollandandburret" time="4.726" errors="0" timestamp="2023-05-25T17:32:10 IST" skipped="0">
  <testcase classname="Test_Cases_login_pages.TestCase_hollandandburret" name="logintest" time="4.726"/>
  <system-out/>
</testsuite> <!-- Test_Cases_login_pages.TestCase_hollandandburret -->
