<?xml version="1.0" encoding="UTF-8"?>
<!-- Generated by org.testng.reporters.JUnitReportReporter -->
<testsuite hostname="APL-5CD119BHZC" failures="0" tests="1" name="Test_Cases_login_pages.TestCase_Webkul" time="13.674" errors="0" timestamp="2023-05-25T17:46:02 IST" skipped="0">
  <testcase classname="Test_Cases_login_pages.TestCase_Webkul" name="logintest" time="13.674"/>
  <system-out/>
</testsuite> <!-- Test_Cases_login_pages.TestCase_Webkul -->
